Server initialized...
Etat initialized...
Phenomene initialized...
Phenomene initialized...
Controller initialized...
Controller initialized...
Controller initialized...
Starting simulation
Phenomene running...
Controller running...
Etat running...
Server running...
Tick: 0	Phen: -0.729908	Etat: 20	Ctrl: -2
Phenomene running...
Controller running...
Etat running...
Server running...
Tick: 1	Phen: -0.264601	Etat: 0.327009	Ctrl: 35.346
Phenomene running...
Controller running...
Etat running...
Server running...
Tick: 2	Phen: -0.850204	Etat: 28.283	Ctrl: 16.7799
Phenomene running...
Controller running...
Etat running...
Server running...
Tick: 3	Phen: 3.99209	Etat: 16.1672	Ctrl: 22.4455
Phenomene running...
Controller running...
Etat running...
Server running...
Tick: 4	Phen: 6.0598	Etat: 19.9723	Ctrl: 20.5008
Phenomene running...
Controller running...
Etat running...
Server running...
Tick: 5	Phen: 9.46426	Etat: 19.0039	Ctrl: 20.4931
Phenomene running...
Controller running...
Etat running...
Server running...
Tick: 6	Phen: 10.7808	Etat: 19.2413	Ctrl: 20.0105
Phenomene running...
Controller running...
Etat running...
Server running...
Tick: 7	Phen: 10.0617	Etat: 19.0106	Ctrl: 19.9893
Phenomene running...
Controller running...
Etat running...
Server running...
Tick: 8	Phen: 9.70547	Etat: 18.8987	Ctrl: 20.192
Phenomene running...
Controller running...
Etat running...
Server running...
Tick: 9	Phen: 11.4933	Etat: 19.014	Ctrl: 20.164
Phenomene running...
Controller running...
Etat running...
Server running...
Tick: 10	Phen: 9.38454	Etat: 19.1819	Ctrl: 19.8001
Phenomene running...
Controller running...
Etat running...
Server running...
Tick: 11	Phen: 6.63536	Etat: 18.6968	Ctrl: 20.4066
Phenomene running...
Controller running...
Etat running...
Server running...
Tick: 12	Phen: 3.39525	Etat: 18.8585	Ctrl: 20.6896
Phenomene running...
Controller running...
Etat running...
Server running...
Tick: 13	Phen: -0.726003	Etat: 18.7771	Ctrl: 21.1355
Phenomene running...
Controller running...
Etat running...
Server running...
Tick: 14	Phen: -0.460218	Etat: 18.7135	Ctrl: 21.7085
Phenomene running...
Controller running...
Etat running...
Server running...
Tick: 15	Phen: 1.29495	Etat: 19.1921	Ctrl: 21.3242
Phenomene running...
Controller running...
Etat running...
Server running...
Tick: 16	Phen: 2.66293	Etat: 19.1081	Ctrl: 21.108
Phenomene running...
Controller running...
Etat running...
Server running...
Tick: 17	Phen: 7.22312	Etat: 19.0635	Ctrl: 20.981
Phenomene running...
Controller running...
Etat running...
Server running...
Tick: 18	Phen: 9.914	Etat: 19.4134	Ctrl: 20.1541
Phenomene running...
Controller running...
Etat running...
Server running...
Tick: 19	Phen: 11.6436	Etat: 19.056	Ctrl: 20.0421
Phenomene running...
Controller running...
Etat running...
Server running...
Tick: 20	Phen: 10.2645	Etat: 19.1036	Ctrl: 19.8348
Phenomene running...
Controller running...
Etat running...
Server running...
Tick: 21	Phen: 9.82347	Etat: 18.8047	Ctrl: 20.2255
Phenomene running...
Controller running...
Etat running...
Server running...
Tick: 22	Phen: 8.28761	Etat: 19.0432	Ctrl: 20.1391
Phenomene running...
Controller running...
Etat running...
Server running...
Tick: 23	Phen: 8.7857	Etat: 18.8443	Ctrl: 20.4504
Phenomene running...
Controller running...
Etat running...
Server running...
Tick: 24	Phen: 6.57634	Etat: 19.1233	Ctrl: 20.2038
Phenomene running...
Controller running...
Etat running...
Server running...
Tick: 25	Phen: 2.57156	Etat: 18.733	Ctrl: 20.7378
Phenomene running...
Controller running...
Etat running...
Server running...
Tick: 26	Phen: -0.58131	Etat: 18.7207	Ctrl: 21.2964
Phenomene running...
Controller running...
Etat running...
Server running...
Tick: 27	Phen: 0.497325	Etat: 18.8511	Ctrl: 21.5943
Phenomene running...
Controller running...
Etat running...
Server running...
Tick: 28	Phen: -0.691529	Etat: 19.2103	Ctrl: 21.1738
Phenomene running...
Controller running...
Etat running...
Server running...
Tick: 29	Phen: 2.6111	Etat: 18.7909	Ctrl: 21.592
Phenomene running...
Controller running...
Etat running...
Server running...
Tick: 30	Phen: 9.23632	Etat: 19.4138	Ctrl: 20.7644
Phenomene running...
Controller running...
Etat running...
Server running...
Tick: 31	Phen: 9.88842	Etat: 19.4765	Ctrl: 19.8113
Phenomene running...
Controller running...
Etat running...
Server running...
Tick: 32	Phen: 10.9829	Etat: 18.7856	Ctrl: 20.2402
Phenomene running...
Controller running...
Etat running...
Server running...
Tick: 33	Phen: 10.2721	Etat: 19.169	Ctrl: 19.9022
Phenomene running...
Controller running...
Etat running...
Server running...
Tick: 34	Phen: 11.1537	Etat: 18.8659	Ctrl: 20.1705
Phenomene running...
Controller running...
Etat running...
Server running...
Tick: 35	Phen: 11.6512	Etat: 19.1383	Ctrl: 19.8938
Phenomene running...
Controller running...
Etat running...
Server running...
Tick: 36	Phen: 9.22072	Etat: 18.994	Ctrl: 19.9058
Phenomene running...
Controller running...
Etat running...
Server running...
Tick: 37	Phen: 5.67413	Etat: 18.7461	Ctrl: 20.4136
Phenomene running...
Controller running...
Etat running...
Server running...
Tick: 38	Phen: 4.43986	Etat: 18.7729	Ctrl: 20.8678
Phenomene running...
Controller running...
Etat running...
Server running...
Tick: 39	Phen: 0.46858	Etat: 19.0155	Ctrl: 20.8368
Phenomene running...
Controller running...
Etat running...
Server running...
Tick: 40	Phen: -0.985227	Etat: 18.6178	Ctrl: 21.6011
Phenomene running...
Controller running...
Etat running...
Server running...
Tick: 41	Phen: -0.0519236	Etat: 19.0442	Ctrl: 21.5128
Phenomene running...
Controller running...
Etat running...
Server running...
Tick: 42	Phen: 2.63573	Etat: 19.1095	Ctrl: 21.2939
Phenomene running...
Controller running...
Etat running...
Server running...
Tick: 43	Phen: 6.53528	Etat: 19.2096	Ctrl: 20.8746
Phenomene running...
Controller running...
Etat running...
Server running...
Tick: 44	Phen: 9.20529	Etat: 19.2742	Ctrl: 20.3262
Phenomene running...
Controller running...
Etat running...
Server running...
Tick: 45	Phen: 10.043	Etat: 19.1089	Ctrl: 20.1084
Phenomene running...
Controller running...
Etat running...
Server running...
Tick: 46	Phen: 11.5413	Etat: 19.0019	Ctrl: 20.1046
Phenomene running...
Controller running...
Etat running...
Server running...
Tick: 47	Phen: 9.91047	Etat: 19.138	Ctrl: 19.8286
Phenomene running...
Controller running...
Etat running...
Server running...
Tick: 48	Phen: 10.3718	Etat: 18.7677	Ctrl: 20.2931
Phenomene running...
Controller running...
Etat running...
Server running...
Tick: 49	Phen: 10.6185	Etat: 19.1485	Ctrl: 19.9962
End simulation...
Use gnuplot to plot the output
