Server initialized...
Server created and Initialised.
Etat initialized...
Etat created and Initialised...
Phenomene initialized...
Phenomene created and Initialised...
Controller initialized...
Controller created and Initialised...
Starting simulation
Phenomene running...
Controller running...
Etat running...
Server running...
Tick: 0	Phen: 26.5603	Etat: 20	Ctrl: 24
Phenomene running...
Controller running...
Etat running...
Server running...
Tick: 1	Phen: 27.3415	Etat: 23.856	Ctrl: 24
Phenomene running...
Controller running...
Etat running...
Server running...
Tick: 2	Phen: 26.1411	Etat: 24.3198	Ctrl: 24
Phenomene running...
Controller running...
Etat running...
Server running...
Tick: 3	Phen: 24.6533	Etat: 24.2461	Ctrl: 24
Phenomene running...
Controller running...
Etat running...
Server running...
Tick: 4	Phen: 25.1621	Etat: 24.0899	Ctrl: 24
Phenomene running...
Controller running...
Etat running...
Server running...
Tick: 5	Phen: 23.445	Etat: 24.1252	Ctrl: 23.445
Phenomene running...
Controller running...
Etat running...
Server running...
Tick: 6	Phen: 28.0284	Etat: 23.513	Ctrl: 24
Phenomene running...
Controller running...
Etat running...
Server running...
Tick: 7	Phen: 22.4675	Etat: 24.3541	Ctrl: 22.4675
Phenomene running...
Controller running...
Etat running...
Server running...
Tick: 8	Phen: 29.0047	Etat: 22.6562	Ctrl: 24
Phenomene running...
Controller running...
Etat running...
Server running...
Tick: 9	Phen: 23.608	Etat: 24.3661	Ctrl: 23.608
Phenomene running...
Controller running...
Etat running...
Server running...
Tick: 10	Phen: 27.0903	Etat: 23.6838	Ctrl: 24
Phenomene running...
Controller running...
Etat running...
Server running...
Tick: 11	Phen: 26.3855	Etat: 24.2774	Ctrl: 24
Phenomene running...
Controller running...
Etat running...
Server running...
Tick: 12	Phen: 22.1518	Etat: 24.2663	Ctrl: 22.1518
Phenomene running...
Controller running...
Etat running...
Server running...
Tick: 13	Phen: 22.2142	Etat: 22.3632	Ctrl: 22.2142
Phenomene running...
Controller running...
Etat running...
Server running...
Tick: 14	Phen: 26.1395	Etat: 22.2291	Ctrl: 24
Phenomene running...
Controller running...
Etat running...
Server running...
Tick: 15	Phen: 21.2265	Etat: 24.0369	Ctrl: 21.2265
Phenomene running...
Controller running...
Etat running...
Server running...
Tick: 16	Phen: 25.3612	Etat: 21.5076	Ctrl: 24
Phenomene running...
Controller running...
Etat running...
Server running...
Tick: 17	Phen: 20.7684	Etat: 23.8869	Ctrl: 20.7684
Phenomene running...
Controller running...
Etat running...
Server running...
Tick: 18	Phen: 27.9589	Etat: 21.0803	Ctrl: 24
Phenomene running...
Controller running...
Etat running...
Server running...
Tick: 19	Phen: 26.9109	Etat: 24.1039	Ctrl: 24
Phenomene running...
Controller running...
Etat running...
Server running...
Tick: 20	Phen: 22.5374	Etat: 24.3015	Ctrl: 22.5374
Phenomene running...
Controller running...
Etat running...
Server running...
Tick: 21	Phen: 28.0985	Etat: 22.7138	Ctrl: 24
Phenomene running...
Controller running...
Etat running...
Server running...
Tick: 22	Phen: 24.8736	Etat: 24.2812	Ctrl: 24
Phenomene running...
Controller running...
Etat running...
Server running...
Tick: 23	Phen: 28.2127	Etat: 24.1155	Ctrl: 24
Phenomene running...
Controller running...
Etat running...
Server running...
Tick: 24	Phen: 29.3488	Etat: 24.4328	Ctrl: 24
Phenomene running...
Controller running...
Etat running...
Server running...
Tick: 25	Phen: 26.1741	Etat: 24.5782	Ctrl: 24
Phenomene running...
Controller running...
Etat running...
Server running...
Tick: 26	Phen: 21.7993	Etat: 24.2752	Ctrl: 21.7993
Phenomene running...
Controller running...
Etat running...
Server running...
Tick: 27	Phen: 21.637	Etat: 22.0469	Ctrl: 21.637
Phenomene running...
Controller running...
Etat running...
Server running...
Tick: 28	Phen: 25.197	Etat: 21.678	Ctrl: 24
Phenomene running...
Controller running...
Etat running...
Server running...
Tick: 29	Phen: 26.0216	Etat: 23.8875	Ctrl: 24
Phenomene running...
Controller running...
Etat running...
Server running...
Tick: 30	Phen: 25.9546	Etat: 24.1909	Ctrl: 24
Phenomene running...
Controller running...
Etat running...
Server running...
Tick: 31	Phen: 21.7573	Etat: 24.2145	Ctrl: 21.7573
Phenomene running...
Controller running...
Etat running...
Server running...
Tick: 32	Phen: 23.3632	Etat: 22.003	Ctrl: 23.3632
Phenomene running...
Controller running...
Etat running...
Server running...
Tick: 33	Phen: 22.0957	Etat: 23.2272	Ctrl: 22.0957
Phenomene running...
Controller running...
Etat running...
Server running...
Tick: 34	Phen: 26.4106	Etat: 22.2088	Ctrl: 24
Phenomene running...
Controller running...
Etat running...
Server running...
Tick: 35	Phen: 28.5253	Etat: 24.0619	Ctrl: 24
Phenomene running...
Controller running...
Etat running...
Server running...
Tick: 36	Phen: 25.5407	Etat: 24.4587	Ctrl: 24
Phenomene running...
Controller running...
Etat running...
Server running...
Tick: 37	Phen: 24.439	Etat: 24.1999	Ctrl: 24
Phenomene running...
Controller running...
Etat running...
Server running...
Tick: 38	Phen: 20.9928	Etat: 24.0639	Ctrl: 20.9928
Phenomene running...
Controller running...
Etat running...
Server running...
Tick: 39	Phen: 24.5454	Etat: 21.2999	Ctrl: 24
Phenomene running...
Controller running...
Etat running...
Server running...
Tick: 40	Phen: 28.0469	Etat: 23.7845	Ctrl: 24
Phenomene running...
Controller running...
Etat running...
Server running...
Tick: 41	Phen: 28.0831	Etat: 24.3831	Ctrl: 24
Phenomene running...
Controller running...
Etat running...
Server running...
Tick: 42	Phen: 20.9309	Etat: 24.4466	Ctrl: 20.9309
Phenomene running...
Controller running...
Etat running...
Server running...
Tick: 43	Phen: 20.1987	Etat: 21.2825	Ctrl: 20.1987
Phenomene running...
Controller running...
Etat running...
Server running...
Tick: 44	Phen: 20.2973	Etat: 20.3071	Ctrl: 20.2973
Phenomene running...
Controller running...
Etat running...
Server running...
Tick: 45	Phen: 27.0704	Etat: 20.2983	Ctrl: 24
Phenomene running...
Controller running...
Etat running...
Server running...
Tick: 46	Phen: 21.4252	Etat: 23.9369	Ctrl: 21.4252
Phenomene running...
Controller running...
Etat running...
Server running...
Tick: 47	Phen: 25.6585	Etat: 21.6764	Ctrl: 24
Phenomene running...
Controller running...
Etat running...
Server running...
Tick: 48	Phen: 27.8388	Etat: 23.9335	Ctrl: 24
Phenomene running...
Controller running...
Etat running...
Server running...
Tick: 49	Phen: 29.3841	Etat: 24.3772	Ctrl: 24
End simulation...
Plotting output with gnuplot
